d:\developments\robotics\robotic arm\robko 01\src\v.0.0.0\freemodbus\master\control center\release\com.pch
d:\developments\robotics\robotic arm\robko 01\src\v.0.0.0\freemodbus\master\control center\release\vc140.pdb
d:\developments\robotics\robotic arm\robko 01\src\v.0.0.0\freemodbus\master\control center\release\stdafx.obj
d:\developments\robotics\robotic arm\robko 01\src\v.0.0.0\freemodbus\master\control center\release\robko_01.obj
d:\developments\robotics\robotic arm\robko 01\src\v.0.0.0\freemodbus\master\control center\release\modbus.obj
d:\developments\robotics\robotic arm\robko 01\src\v.0.0.0\freemodbus\master\control center\release\modbus-tcp.obj
d:\developments\robotics\robotic arm\robko 01\src\v.0.0.0\freemodbus\master\control center\release\modbus-rtu.obj
d:\developments\robotics\robotic arm\robko 01\src\v.0.0.0\freemodbus\master\control center\release\llist.obj
d:\developments\robotics\robotic arm\robko 01\src\v.0.0.0\freemodbus\master\control center\release\gcode.obj
d:\developments\robotics\robotic arm\robko 01\src\v.0.0.0\freemodbus\master\control center\release\com.obj
d:\developments\robotics\robotic arm\robko 01\src\v.0.0.0\freemodbus\master\control center\release\com.exe
d:\developments\robotics\robotic arm\robko 01\src\v.0.0.0\freemodbus\master\control center\release\com.pdb
d:\developments\robotics\robotic arm\robko 01\src\v.0.0.0\freemodbus\master\control center\release\com.res
d:\developments\robotics\robotic arm\robko 01\src\v.0.0.0\freemodbus\master\control center\.\release\com.exe
d:\developments\robotics\robotic arm\robko 01\src\v.0.0.0\freemodbus\master\control center\release\com.tlog\cl.command.1.tlog
d:\developments\robotics\robotic arm\robko 01\src\v.0.0.0\freemodbus\master\control center\release\com.tlog\cl.read.1.tlog
d:\developments\robotics\robotic arm\robko 01\src\v.0.0.0\freemodbus\master\control center\release\com.tlog\cl.write.1.tlog
d:\developments\robotics\robotic arm\robko 01\src\v.0.0.0\freemodbus\master\control center\release\com.tlog\link.command.1.tlog
d:\developments\robotics\robotic arm\robko 01\src\v.0.0.0\freemodbus\master\control center\release\com.tlog\link.read.1.tlog
d:\developments\robotics\robotic arm\robko 01\src\v.0.0.0\freemodbus\master\control center\release\com.tlog\link.write.1.tlog
d:\developments\robotics\robotic arm\robko 01\src\v.0.0.0\freemodbus\master\control center\release\com.tlog\rc.command.1.tlog
d:\developments\robotics\robotic arm\robko 01\src\v.0.0.0\freemodbus\master\control center\release\com.tlog\rc.read.1.tlog
d:\developments\robotics\robotic arm\robko 01\src\v.0.0.0\freemodbus\master\control center\release\com.tlog\rc.write.1.tlog
